<?xml version="1.0" encoding="UTF-8"?>
<!-- Generated by org.testng.reporters.JUnitReportReporter -->
<testsuite skipped="0" hostname="POLADI-PC" name="tests.Test3" tests="1" failures="0" timestamp="01 Jan 2019 09:26:08 GMT" time="0.005" errors="0">
  <testcase name="dispMsg" time="0.005" classname="tests.Test3"/>
</testsuite> <!-- tests.Test3 -->
