<?xml version="1.0" encoding="UTF-8"?>
<!-- Generated by org.testng.reporters.JUnitReportReporter -->
<testsuite skipped="0" hostname="POLADI-PC" name="tests.Test2" tests="1" failures="0" timestamp="01 Jan 2019 09:26:08 GMT" time="0.004" errors="0">
  <testcase name="dispMsg" time="0.004" classname="tests.Test2"/>
</testsuite> <!-- tests.Test2 -->
