<?xml version="1.0" encoding="UTF-8"?>
<!-- Generated by org.testng.reporters.JUnitReportReporter -->
<testsuite skipped="0" hostname="POLADI-PC" name="tests.NewTest" tests="1" failures="0" timestamp="01 Jan 2019 09:26:08 GMT" time="7.225" errors="0">
  <testcase name="openMyBlog" time="7.225" classname="tests.NewTest"/>
</testsuite> <!-- tests.NewTest -->
