<?xml version="1.0" encoding="UTF-8"?>
<!-- Generated by org.testng.reporters.JUnitReportReporter -->
<testsuite hostname="POLADI-PC" name="tests2.Test4" tests="1" failures="0" timestamp="1 Jan 2019 09:25:30 GMT" time="0.000" errors="0">
  <testcase name="dispMsg" time="0.000" classname="tests2.Test4"/>
</testsuite> <!-- tests2.Test4 -->
