<?xml version="1.0" encoding="UTF-8"?>
<!-- Generated by org.testng.reporters.JUnitReportReporter -->
<testsuite hostname="POLADI-PC" name="tests.NewTest" tests="1" failures="0" timestamp="1 Jan 2019 09:25:30 GMT" time="20.077" errors="0">
  <testcase name="openMyBlog" time="20.077" classname="tests.NewTest"/>
</testsuite> <!-- tests.NewTest -->
